Determining if the pthread_create exist failed with the following output:
Change Dir: /home/david-montoro/CLionProjects/cppreactive/cmake-build-debug/CMakeFiles/CMakeTmp

Run Build Command:"/usr/bin/make" "cmTC_997f9/fast"
make[1]: se entra en el directorio '/home/david-montoro/CLionProjects/cppreactive/cmake-build-debug/CMakeFiles/CMakeTmp'
/usr/bin/make -f CMakeFiles/cmTC_997f9.dir/build.make CMakeFiles/cmTC_997f9.dir/build
make[2]: se entra en el directorio '/home/david-montoro/CLionProjects/cppreactive/cmake-build-debug/CMakeFiles/CMakeTmp'
Building C object CMakeFiles/cmTC_997f9.dir/CheckSymbolExists.c.o
/usr/bin/cc    -o CMakeFiles/cmTC_997f9.dir/CheckSymbolExists.c.o   -c /home/david-montoro/CLionProjects/cppreactive/cmake-build-debug/CMakeFiles/CMakeTmp/CheckSymbolExists.c
Linking C executable cmTC_997f9
/opt/clion-2018.2.6/bin/cmake/linux/bin/cmake -E cmake_link_script CMakeFiles/cmTC_997f9.dir/link.txt --verbose=1
/usr/bin/cc      -rdynamic CMakeFiles/cmTC_997f9.dir/CheckSymbolExists.c.o  -o cmTC_997f9 
CMakeFiles/cmTC_997f9.dir/CheckSymbolExists.c.o: En la función `main':
CheckSymbolExists.c:(.text+0x1b): referencia a `pthread_create' sin definir
collect2: error: ld returned 1 exit status
CMakeFiles/cmTC_997f9.dir/build.make:86: recipe for target 'cmTC_997f9' failed
make[2]: *** [cmTC_997f9] Error 1
make[2]: se sale del directorio '/home/david-montoro/CLionProjects/cppreactive/cmake-build-debug/CMakeFiles/CMakeTmp'
Makefile:121: recipe for target 'cmTC_997f9/fast' failed
make[1]: *** [cmTC_997f9/fast] Error 2
make[1]: se sale del directorio '/home/david-montoro/CLionProjects/cppreactive/cmake-build-debug/CMakeFiles/CMakeTmp'

File /home/david-montoro/CLionProjects/cppreactive/cmake-build-debug/CMakeFiles/CMakeTmp/CheckSymbolExists.c:
/* */
#include <pthread.h>

int main(int argc, char** argv)
{
  (void)argv;
#ifndef pthread_create
  return ((int*)(&pthread_create))[argc];
#else
  (void)argc;
  return 0;
#endif
}

Determining if the function pthread_create exists in the pthreads failed with the following output:
Change Dir: /home/david-montoro/CLionProjects/cppreactive/cmake-build-debug/CMakeFiles/CMakeTmp

Run Build Command:"/usr/bin/make" "cmTC_d7f24/fast"
make[1]: se entra en el directorio '/home/david-montoro/CLionProjects/cppreactive/cmake-build-debug/CMakeFiles/CMakeTmp'
/usr/bin/make -f CMakeFiles/cmTC_d7f24.dir/build.make CMakeFiles/cmTC_d7f24.dir/build
make[2]: se entra en el directorio '/home/david-montoro/CLionProjects/cppreactive/cmake-build-debug/CMakeFiles/CMakeTmp'
Building C object CMakeFiles/cmTC_d7f24.dir/CheckFunctionExists.c.o
/usr/bin/cc   -DCHECK_FUNCTION_EXISTS=pthread_create   -o CMakeFiles/cmTC_d7f24.dir/CheckFunctionExists.c.o   -c /opt/clion-2018.2.6/bin/cmake/linux/share/cmake-3.12/Modules/CheckFunctionExists.c
Linking C executable cmTC_d7f24
/opt/clion-2018.2.6/bin/cmake/linux/bin/cmake -E cmake_link_script CMakeFiles/cmTC_d7f24.dir/link.txt --verbose=1
/usr/bin/cc  -DCHECK_FUNCTION_EXISTS=pthread_create    -rdynamic CMakeFiles/cmTC_d7f24.dir/CheckFunctionExists.c.o  -o cmTC_d7f24 -lpthreads 
/usr/bin/x86_64-linux-gnu-ld: no se puede encontrar -lpthreads
collect2: error: ld returned 1 exit status
CMakeFiles/cmTC_d7f24.dir/build.make:86: recipe for target 'cmTC_d7f24' failed
make[2]: *** [cmTC_d7f24] Error 1
make[2]: se sale del directorio '/home/david-montoro/CLionProjects/cppreactive/cmake-build-debug/CMakeFiles/CMakeTmp'
Makefile:121: recipe for target 'cmTC_d7f24/fast' failed
make[1]: *** [cmTC_d7f24/fast] Error 2
make[1]: se sale del directorio '/home/david-montoro/CLionProjects/cppreactive/cmake-build-debug/CMakeFiles/CMakeTmp'


